<?xml version="1.0" encoding="UTF-8"?>
<!-- Generated by org.testng.reporters.JUnitXMLReporter -->
<testsuite ignored="2" hostname="NurulAfsar" failures="0" tests="2" name="AddandRemoveCartProduct" time="59.056" errors="0" timestamp="2024-07-08T14:29:33 BDT">
  <testcase classname="tests.HomepageTest" name="dashboardTest" time="23.115"/>
  <testcase classname="tests.CategorypageTest" name="categorypageTest" time="35.377"/>
  <testcase classname="drivers.BaseDriver" name="@AfterSuite closeApp" time="0.0">
    <ignored/>
  </testcase> <!-- @AfterSuite closeApp -->
  <testcase classname="drivers.BaseDriver" name="@BeforeSuite setUp" time="0.0">
    <ignored/>
  </testcase> <!-- @BeforeSuite setUp -->
</testsuite> <!-- AddandRemoveCartProduct -->
