<?xml version="1.0" encoding="UTF-8"?>
<!-- Generated by org.testng.reporters.JUnitXMLReporter -->
<testsuite ignored="2" hostname="NurulAfsar" failures="0" tests="2" name="AddRemoveCartProduct" time="66.92" errors="0" timestamp="2024-07-08T15:14:08 BDT">
  <testcase classname="tests.HomepageTest" name="dashboardTest" time="26.947"/>
  <testcase classname="tests.CategorypageTest" name="categorypageTest" time="39.176"/>
  <testcase classname="drivers.BaseDriver" name="@AfterSuite closeApp" time="0.0">
    <ignored/>
  </testcase> <!-- @AfterSuite closeApp -->
  <testcase classname="drivers.BaseDriver" name="@BeforeSuite setUp" time="0.0">
    <ignored/>
  </testcase> <!-- @BeforeSuite setUp -->
</testsuite> <!-- AddRemoveCartProduct -->
