<?xml version="1.0" encoding="UTF-8"?>
<testng-results ignored="0" total="1" passed="1" failed="0" skipped="0">
  <reporter-output>
  </reporter-output>
  <suite started-at="2024-07-07T14:07:06 BDT" name="Default suite" finished-at="2024-07-07T14:07:20 BDT" duration-ms="13944">
    <groups>
    </groups>
    <test started-at="2024-07-07T14:07:06 BDT" name="Default test" finished-at="2024-07-07T14:07:20 BDT" duration-ms="13944">
      <class name="tests.HomepageTest">
        <test-method is-config="true" signature="setUp()[pri:0, instance:tests.HomepageTest@663c9e7a]" started-at="2024-07-07T14:06:47 BDT" name="setUp" finished-at="2024-07-07T14:07:06 BDT" duration-ms="18661" status="PASS">
          <reporter-output>
          </reporter-output>
        </test-method> <!-- setUp -->
        <test-method signature="dashboardTest()[pri:0, instance:tests.HomepageTest@663c9e7a]" started-at="2024-07-07T14:07:06 BDT" name="dashboardTest" finished-at="2024-07-07T14:07:17 BDT" duration-ms="11013" status="PASS">
          <reporter-output>
          </reporter-output>
        </test-method> <!-- dashboardTest -->
        <test-method is-config="true" signature="tearDown()[pri:0, instance:tests.HomepageTest@663c9e7a]" started-at="2024-07-07T14:07:17 BDT" name="tearDown" finished-at="2024-07-07T14:07:20 BDT" duration-ms="2856" status="PASS">
          <reporter-output>
          </reporter-output>
        </test-method> <!-- tearDown -->
      </class> <!-- tests.HomepageTest -->
    </test> <!-- Default test -->
  </suite> <!-- Default suite -->
</testng-results>
