<?xml version="1.0" encoding="UTF-8"?>
<testng-results ignored="0" total="2" passed="2" failed="0" skipped="0">
  <reporter-output>
  </reporter-output>
  <suite started-at="2024-07-08T15:13:01 BDT" name="Automation cartApp" finished-at="2024-07-08T15:14:08 BDT" duration-ms="66920">
    <groups>
    </groups>
    <test started-at="2024-07-08T15:13:01 BDT" name="AddRemoveCartProduct" finished-at="2024-07-08T15:14:08 BDT" duration-ms="66920">
      <class name="tests.HomepageTest">
        <test-method is-config="true" signature="setUp()[pri:0, instance:tests.HomepageTest@19e4653c]" started-at="2024-07-08T15:12:42 BDT" name="setUp" finished-at="2024-07-08T15:13:01 BDT" duration-ms="18814" status="PASS">
          <reporter-output>
          </reporter-output>
        </test-method> <!-- setUp -->
        <test-method signature="dashboardTest()[pri:0, instance:tests.HomepageTest@19e4653c]" started-at="2024-07-08T15:13:01 BDT" name="dashboardTest" finished-at="2024-07-08T15:13:28 BDT" duration-ms="26947" status="PASS">
          <reporter-output>
          </reporter-output>
        </test-method> <!-- dashboardTest -->
        <test-method is-config="true" signature="pushReport()[pri:0, instance:tests.HomepageTest@19e4653c]" started-at="2024-07-08T15:13:28 BDT" name="pushReport" finished-at="2024-07-08T15:13:29 BDT" duration-ms="542" status="PASS">
          <reporter-output>
          </reporter-output>
        </test-method> <!-- pushReport -->
        <test-method is-config="true" signature="closeApp()[pri:0, instance:tests.HomepageTest@19e4653c]" started-at="2024-07-08T15:14:08 BDT" name="closeApp" finished-at="2024-07-08T15:14:09 BDT" duration-ms="1103" status="PASS">
          <reporter-output>
          </reporter-output>
        </test-method> <!-- closeApp -->
      </class> <!-- tests.HomepageTest -->
      <class name="tests.CategorypageTest">
        <test-method signature="categorypageTest()[pri:0, instance:tests.CategorypageTest@53fb3dab]" started-at="2024-07-08T15:13:29 BDT" name="categorypageTest" finished-at="2024-07-08T15:14:08 BDT" duration-ms="39176" status="PASS">
          <reporter-output>
          </reporter-output>
        </test-method> <!-- categorypageTest -->
        <test-method is-config="true" signature="pushReport()[pri:0, instance:tests.CategorypageTest@53fb3dab]" started-at="2024-07-08T15:14:08 BDT" name="pushReport" finished-at="2024-07-08T15:14:08 BDT" duration-ms="54" status="PASS">
          <reporter-output>
          </reporter-output>
        </test-method> <!-- pushReport -->
      </class> <!-- tests.CategorypageTest -->
    </test> <!-- AddRemoveCartProduct -->
  </suite> <!-- Automation cartApp -->
</testng-results>
